Starting OrderMasterDaoTest on wangxiaomings-MacBook-Pro.local with PID 2358 (started by wangxiaoming in /Users/wangxiaoming/Desktop/sell)
No active profile set, falling back to default profiles: default
Refreshing org.springframework.web.context.support.GenericWebApplicationContext@491b9b8: startup date [Mon Dec 09 10:32:22 CST 2019]; root of context hierarchy
HV000001: Hibernate Validator 5.3.4.Final
No MyBatis mapper was found in '[com.ming.sell]' package. Please check your configuration.
Multiple Spring Data modules found, entering strict repository configuration mode!
Multiple Spring Data modules found, entering strict repository configuration mode!
Spring Data Redis - Could not safely identify store assignment for repository candidate interface com.ming.sell.dao.ProductCategoryDao.
Spring Data Redis - Could not safely identify store assignment for repository candidate interface com.ming.sell.dao.ProductInfoDao.
Spring Data Redis - Could not safely identify store assignment for repository candidate interface com.ming.sell.dao.OrderMasterDao.
Spring Data Redis - Could not safely identify store assignment for repository candidate interface com.ming.sell.dao.OrderDetailDao.
JSR-330 'javax.inject.Inject' annotation found and supported for autowiring
Bean 'org.springframework.transaction.annotation.ProxyTransactionManagementConfiguration' of type [org.springframework.transaction.annotation.ProxyTransactionManagementConfiguration$$EnhancerBySpringCGLIB$$58e20e5f] is not eligible for getting processed by all BeanPostProcessors (for example: not eligible for auto-proxying)
Building JPA container EntityManagerFactory for persistence unit 'default'
HHH000204: Processing PersistenceUnitInfo [
	name: default
	...]
HHH000412: Hibernate Core {5.0.12.Final}
HHH000206: hibernate.properties not found
HHH000021: Bytecode provider name : javassist
HCANN000001: Hibernate Commons Annotations {5.0.1.Final}
HHH000400: Using dialect: org.hibernate.dialect.MySQL5Dialect
Initialized JPA EntityManagerFactory for persistence unit 'default'
Exception encountered during context initialization - cancelling refresh attempt: org.springframework.beans.factory.BeanCreationException: Error creating bean with name 'requestMappingHandlerAdapter' defined in class path resource [org/springframework/boot/autoconfigure/web/WebMvcAutoConfiguration$EnableWebMvcConfiguration.class]: Bean instantiation via factory method failed; nested exception is org.springframework.beans.BeanInstantiationException: Failed to instantiate [org.springframework.web.servlet.mvc.method.annotation.RequestMappingHandlerAdapter]: Factory method 'requestMappingHandlerAdapter' threw exception; nested exception is org.springframework.beans.factory.BeanCreationException: Error creating bean with name 'mvcConversionService' defined in class path resource [org/springframework/boot/autoconfigure/web/WebMvcAutoConfiguration$EnableWebMvcConfiguration.class]: Bean instantiation via factory method failed; nested exception is org.springframework.beans.BeanInstantiationException: Failed to instantiate [org.springframework.format.support.FormattingConversionService]: Factory method 'mvcConversionService' threw exception; nested exception is org.springframework.beans.factory.BeanCreationException: Error creating bean with name 'orderDetailDao': Invocation of init method failed; nested exception is java.lang.IllegalArgumentException: Not a managed type: interface com.ming.sell.dao.OrderDetailDao
Closing JPA EntityManagerFactory for persistence unit 'default'


Error starting ApplicationContext. To display the auto-configuration report re-run your application with 'debug' enabled.
Starting OrderMasterDaoTest on wangxiaomings-MacBook-Pro.local with PID 2364 (started by wangxiaoming in /Users/wangxiaoming/Desktop/sell)
No active profile set, falling back to default profiles: default
Refreshing org.springframework.web.context.support.GenericWebApplicationContext@1a4927d6: startup date [Mon Dec 09 10:33:45 CST 2019]; root of context hierarchy
HV000001: Hibernate Validator 5.3.4.Final
No MyBatis mapper was found in '[com.ming.sell]' package. Please check your configuration.
Multiple Spring Data modules found, entering strict repository configuration mode!
Multiple Spring Data modules found, entering strict repository configuration mode!
Spring Data Redis - Could not safely identify store assignment for repository candidate interface com.ming.sell.dao.ProductCategoryDao.
Spring Data Redis - Could not safely identify store assignment for repository candidate interface com.ming.sell.dao.ProductInfoDao.
Spring Data Redis - Could not safely identify store assignment for repository candidate interface com.ming.sell.dao.OrderMasterDao.
Spring Data Redis - Could not safely identify store assignment for repository candidate interface com.ming.sell.dao.OrderDetailDao.
JSR-330 'javax.inject.Inject' annotation found and supported for autowiring
Bean 'org.springframework.transaction.annotation.ProxyTransactionManagementConfiguration' of type [org.springframework.transaction.annotation.ProxyTransactionManagementConfiguration$$EnhancerBySpringCGLIB$$b7a0e778] is not eligible for getting processed by all BeanPostProcessors (for example: not eligible for auto-proxying)
Building JPA container EntityManagerFactory for persistence unit 'default'
HHH000204: Processing PersistenceUnitInfo [
	name: default
	...]
HHH000412: Hibernate Core {5.0.12.Final}
HHH000206: hibernate.properties not found
HHH000021: Bytecode provider name : javassist
HCANN000001: Hibernate Commons Annotations {5.0.1.Final}
HHH000400: Using dialect: org.hibernate.dialect.MySQL5Dialect
Initialized JPA EntityManagerFactory for persistence unit 'default'
Looking for @ControllerAdvice: org.springframework.web.context.support.GenericWebApplicationContext@1a4927d6: startup date [Mon Dec 09 10:33:45 CST 2019]; root of context hierarchy
Mapped "{[/buyer/product/list],methods=[GET]}" onto public com.ming.sell.viewobject.ResultVO com.ming.sell.controller.BuyerProductController.list()
Mapped "{[/error]}" onto public org.springframework.http.ResponseEntity<java.util.Map<java.lang.String, java.lang.Object>> org.springframework.boot.autoconfigure.web.BasicErrorController.error(javax.servlet.http.HttpServletRequest)
Mapped "{[/error],produces=[text/html]}" onto public org.springframework.web.servlet.ModelAndView org.springframework.boot.autoconfigure.web.BasicErrorController.errorHtml(javax.servlet.http.HttpServletRequest,javax.servlet.http.HttpServletResponse)
Mapped URL path [/webjars/**] onto handler of type [class org.springframework.web.servlet.resource.ResourceHttpRequestHandler]
Mapped URL path [/**] onto handler of type [class org.springframework.web.servlet.resource.ResourceHttpRequestHandler]
Mapped URL path [/**/favicon.ico] onto handler of type [class org.springframework.web.servlet.resource.ResourceHttpRequestHandler]
SpringTemplateLoader for FreeMarker: using resource loader [org.springframework.web.context.support.GenericWebApplicationContext@1a4927d6: startup date [Mon Dec 09 10:33:45 CST 2019]; root of context hierarchy] and template loader path [classpath:/templates/]
ClassTemplateLoader for Spring macros added to FreeMarker configuration
Cannot find template location(s): [classpath:/templates/] (please add some templates, check your FreeMarker configuration, or set spring.freemarker.checkTemplateLocation=false)
Started OrderMasterDaoTest in 4.478 seconds (JVM running for 5.117)
Closing org.springframework.web.context.support.GenericWebApplicationContext@1a4927d6: startup date [Mon Dec 09 10:33:45 CST 2019]; root of context hierarchy
Closing JPA EntityManagerFactory for persistence unit 'default'
Starting OrderMasterDaoTest on wangxiaomings-MacBook-Pro.local with PID 2400 (started by wangxiaoming in /Users/wangxiaoming/Desktop/sell)
No active profile set, falling back to default profiles: default
Refreshing org.springframework.web.context.support.GenericWebApplicationContext@3f1c5af9: startup date [Mon Dec 09 10:47:57 CST 2019]; root of context hierarchy
HV000001: Hibernate Validator 5.3.4.Final
No MyBatis mapper was found in '[com.ming.sell]' package. Please check your configuration.
Multiple Spring Data modules found, entering strict repository configuration mode!
Multiple Spring Data modules found, entering strict repository configuration mode!
Spring Data Redis - Could not safely identify store assignment for repository candidate interface com.ming.sell.dao.ProductCategoryDao.
Spring Data Redis - Could not safely identify store assignment for repository candidate interface com.ming.sell.dao.ProductInfoDao.
Spring Data Redis - Could not safely identify store assignment for repository candidate interface com.ming.sell.dao.OrderMasterDao.
Spring Data Redis - Could not safely identify store assignment for repository candidate interface com.ming.sell.dao.OrderDetailDao.
JSR-330 'javax.inject.Inject' annotation found and supported for autowiring
Bean 'org.springframework.transaction.annotation.ProxyTransactionManagementConfiguration' of type [org.springframework.transaction.annotation.ProxyTransactionManagementConfiguration$$EnhancerBySpringCGLIB$$330b1184] is not eligible for getting processed by all BeanPostProcessors (for example: not eligible for auto-proxying)
Building JPA container EntityManagerFactory for persistence unit 'default'
HHH000204: Processing PersistenceUnitInfo [
	name: default
	...]
HHH000412: Hibernate Core {5.0.12.Final}
HHH000206: hibernate.properties not found
HHH000021: Bytecode provider name : javassist
HCANN000001: Hibernate Commons Annotations {5.0.1.Final}
HHH000400: Using dialect: org.hibernate.dialect.MySQL5Dialect
Initialized JPA EntityManagerFactory for persistence unit 'default'
Looking for @ControllerAdvice: org.springframework.web.context.support.GenericWebApplicationContext@3f1c5af9: startup date [Mon Dec 09 10:47:57 CST 2019]; root of context hierarchy
Mapped "{[/buyer/product/list],methods=[GET]}" onto public com.ming.sell.viewobject.ResultVO com.ming.sell.controller.BuyerProductController.list()
Mapped "{[/error]}" onto public org.springframework.http.ResponseEntity<java.util.Map<java.lang.String, java.lang.Object>> org.springframework.boot.autoconfigure.web.BasicErrorController.error(javax.servlet.http.HttpServletRequest)
Mapped "{[/error],produces=[text/html]}" onto public org.springframework.web.servlet.ModelAndView org.springframework.boot.autoconfigure.web.BasicErrorController.errorHtml(javax.servlet.http.HttpServletRequest,javax.servlet.http.HttpServletResponse)
Mapped URL path [/webjars/**] onto handler of type [class org.springframework.web.servlet.resource.ResourceHttpRequestHandler]
Mapped URL path [/**] onto handler of type [class org.springframework.web.servlet.resource.ResourceHttpRequestHandler]
Mapped URL path [/**/favicon.ico] onto handler of type [class org.springframework.web.servlet.resource.ResourceHttpRequestHandler]
SpringTemplateLoader for FreeMarker: using resource loader [org.springframework.web.context.support.GenericWebApplicationContext@3f1c5af9: startup date [Mon Dec 09 10:47:57 CST 2019]; root of context hierarchy] and template loader path [classpath:/templates/]
ClassTemplateLoader for Spring macros added to FreeMarker configuration
Cannot find template location(s): [classpath:/templates/] (please add some templates, check your FreeMarker configuration, or set spring.freemarker.checkTemplateLocation=false)
Started OrderMasterDaoTest in 5.365 seconds (JVM running for 6.618)
HHH000397: Using ASTQueryTranslatorFactory
Closing org.springframework.web.context.support.GenericWebApplicationContext@3f1c5af9: startup date [Mon Dec 09 10:47:57 CST 2019]; root of context hierarchy
Closing JPA EntityManagerFactory for persistence unit 'default'
Starting OrderDetailDaoTest on wangxiaomings-MacBook-Pro.local with PID 2444 (started by wangxiaoming in /Users/wangxiaoming/Desktop/sell)
No active profile set, falling back to default profiles: default
Refreshing org.springframework.web.context.support.GenericWebApplicationContext@aba625: startup date [Mon Dec 09 11:11:53 CST 2019]; root of context hierarchy
HV000001: Hibernate Validator 5.3.4.Final
No MyBatis mapper was found in '[com.ming.sell]' package. Please check your configuration.
Multiple Spring Data modules found, entering strict repository configuration mode!
Multiple Spring Data modules found, entering strict repository configuration mode!
Spring Data Redis - Could not safely identify store assignment for repository candidate interface com.ming.sell.dao.ProductCategoryDao.
Spring Data Redis - Could not safely identify store assignment for repository candidate interface com.ming.sell.dao.ProductInfoDao.
Spring Data Redis - Could not safely identify store assignment for repository candidate interface com.ming.sell.dao.OrderMasterDao.
Spring Data Redis - Could not safely identify store assignment for repository candidate interface com.ming.sell.dao.OrderDetailDao.
JSR-330 'javax.inject.Inject' annotation found and supported for autowiring
Bean 'org.springframework.transaction.annotation.ProxyTransactionManagementConfiguration' of type [org.springframework.transaction.annotation.ProxyTransactionManagementConfiguration$$EnhancerBySpringCGLIB$$c1ee000] is not eligible for getting processed by all BeanPostProcessors (for example: not eligible for auto-proxying)
Building JPA container EntityManagerFactory for persistence unit 'default'
HHH000204: Processing PersistenceUnitInfo [
	name: default
	...]
HHH000412: Hibernate Core {5.0.12.Final}
HHH000206: hibernate.properties not found
HHH000021: Bytecode provider name : javassist
HCANN000001: Hibernate Commons Annotations {5.0.1.Final}
HHH000400: Using dialect: org.hibernate.dialect.MySQL5Dialect
Initialized JPA EntityManagerFactory for persistence unit 'default'
Looking for @ControllerAdvice: org.springframework.web.context.support.GenericWebApplicationContext@aba625: startup date [Mon Dec 09 11:11:53 CST 2019]; root of context hierarchy
Mapped "{[/buyer/product/list],methods=[GET]}" onto public com.ming.sell.viewobject.ResultVO com.ming.sell.controller.BuyerProductController.list()
Mapped "{[/error]}" onto public org.springframework.http.ResponseEntity<java.util.Map<java.lang.String, java.lang.Object>> org.springframework.boot.autoconfigure.web.BasicErrorController.error(javax.servlet.http.HttpServletRequest)
Mapped "{[/error],produces=[text/html]}" onto public org.springframework.web.servlet.ModelAndView org.springframework.boot.autoconfigure.web.BasicErrorController.errorHtml(javax.servlet.http.HttpServletRequest,javax.servlet.http.HttpServletResponse)
Mapped URL path [/webjars/**] onto handler of type [class org.springframework.web.servlet.resource.ResourceHttpRequestHandler]
Mapped URL path [/**] onto handler of type [class org.springframework.web.servlet.resource.ResourceHttpRequestHandler]
Mapped URL path [/**/favicon.ico] onto handler of type [class org.springframework.web.servlet.resource.ResourceHttpRequestHandler]
SpringTemplateLoader for FreeMarker: using resource loader [org.springframework.web.context.support.GenericWebApplicationContext@aba625: startup date [Mon Dec 09 11:11:53 CST 2019]; root of context hierarchy] and template loader path [classpath:/templates/]
ClassTemplateLoader for Spring macros added to FreeMarker configuration
Cannot find template location(s): [classpath:/templates/] (please add some templates, check your FreeMarker configuration, or set spring.freemarker.checkTemplateLocation=false)
Started OrderDetailDaoTest in 4.33 seconds (JVM running for 4.91)
Closing org.springframework.web.context.support.GenericWebApplicationContext@aba625: startup date [Mon Dec 09 11:11:53 CST 2019]; root of context hierarchy
Closing JPA EntityManagerFactory for persistence unit 'default'
Starting OrderDetailDaoTest on wangxiaomings-MacBook-Pro.local with PID 2457 (started by wangxiaoming in /Users/wangxiaoming/Desktop/sell)
No active profile set, falling back to default profiles: default
Refreshing org.springframework.web.context.support.GenericWebApplicationContext@aba625: startup date [Mon Dec 09 11:18:30 CST 2019]; root of context hierarchy
HV000001: Hibernate Validator 5.3.4.Final
No MyBatis mapper was found in '[com.ming.sell]' package. Please check your configuration.
Multiple Spring Data modules found, entering strict repository configuration mode!
Multiple Spring Data modules found, entering strict repository configuration mode!
Spring Data Redis - Could not safely identify store assignment for repository candidate interface com.ming.sell.dao.ProductCategoryDao.
Spring Data Redis - Could not safely identify store assignment for repository candidate interface com.ming.sell.dao.ProductInfoDao.
Spring Data Redis - Could not safely identify store assignment for repository candidate interface com.ming.sell.dao.OrderMasterDao.
Spring Data Redis - Could not safely identify store assignment for repository candidate interface com.ming.sell.dao.OrderDetailDao.
JSR-330 'javax.inject.Inject' annotation found and supported for autowiring
Bean 'org.springframework.transaction.annotation.ProxyTransactionManagementConfiguration' of type [org.springframework.transaction.annotation.ProxyTransactionManagementConfiguration$$EnhancerBySpringCGLIB$$fb84dd97] is not eligible for getting processed by all BeanPostProcessors (for example: not eligible for auto-proxying)
Building JPA container EntityManagerFactory for persistence unit 'default'
HHH000204: Processing PersistenceUnitInfo [
	name: default
	...]
HHH000412: Hibernate Core {5.0.12.Final}
HHH000206: hibernate.properties not found
HHH000021: Bytecode provider name : javassist
HCANN000001: Hibernate Commons Annotations {5.0.1.Final}
HHH000400: Using dialect: org.hibernate.dialect.MySQL5Dialect
Initialized JPA EntityManagerFactory for persistence unit 'default'
Looking for @ControllerAdvice: org.springframework.web.context.support.GenericWebApplicationContext@aba625: startup date [Mon Dec 09 11:18:30 CST 2019]; root of context hierarchy
Mapped "{[/buyer/product/list],methods=[GET]}" onto public com.ming.sell.viewobject.ResultVO com.ming.sell.controller.BuyerProductController.list()
Mapped "{[/error]}" onto public org.springframework.http.ResponseEntity<java.util.Map<java.lang.String, java.lang.Object>> org.springframework.boot.autoconfigure.web.BasicErrorController.error(javax.servlet.http.HttpServletRequest)
Mapped "{[/error],produces=[text/html]}" onto public org.springframework.web.servlet.ModelAndView org.springframework.boot.autoconfigure.web.BasicErrorController.errorHtml(javax.servlet.http.HttpServletRequest,javax.servlet.http.HttpServletResponse)
Mapped URL path [/webjars/**] onto handler of type [class org.springframework.web.servlet.resource.ResourceHttpRequestHandler]
Mapped URL path [/**] onto handler of type [class org.springframework.web.servlet.resource.ResourceHttpRequestHandler]
Mapped URL path [/**/favicon.ico] onto handler of type [class org.springframework.web.servlet.resource.ResourceHttpRequestHandler]
SpringTemplateLoader for FreeMarker: using resource loader [org.springframework.web.context.support.GenericWebApplicationContext@aba625: startup date [Mon Dec 09 11:18:30 CST 2019]; root of context hierarchy] and template loader path [classpath:/templates/]
ClassTemplateLoader for Spring macros added to FreeMarker configuration
Cannot find template location(s): [classpath:/templates/] (please add some templates, check your FreeMarker configuration, or set spring.freemarker.checkTemplateLocation=false)
Started OrderDetailDaoTest in 4.642 seconds (JVM running for 5.258)
HHH000397: Using ASTQueryTranslatorFactory
Closing org.springframework.web.context.support.GenericWebApplicationContext@aba625: startup date [Mon Dec 09 11:18:30 CST 2019]; root of context hierarchy
Closing JPA EntityManagerFactory for persistence unit 'default'
Starting OrderDetailDaoTest on wangxiaomings-MacBook-Pro.local with PID 2459 (started by wangxiaoming in /Users/wangxiaoming/Desktop/sell)
No active profile set, falling back to default profiles: default
Refreshing org.springframework.web.context.support.GenericWebApplicationContext@71984c3: startup date [Mon Dec 09 11:18:52 CST 2019]; root of context hierarchy
HV000001: Hibernate Validator 5.3.4.Final
No MyBatis mapper was found in '[com.ming.sell]' package. Please check your configuration.
Multiple Spring Data modules found, entering strict repository configuration mode!
Multiple Spring Data modules found, entering strict repository configuration mode!
Spring Data Redis - Could not safely identify store assignment for repository candidate interface com.ming.sell.dao.ProductCategoryDao.
Spring Data Redis - Could not safely identify store assignment for repository candidate interface com.ming.sell.dao.ProductInfoDao.
Spring Data Redis - Could not safely identify store assignment for repository candidate interface com.ming.sell.dao.OrderMasterDao.
Spring Data Redis - Could not safely identify store assignment for repository candidate interface com.ming.sell.dao.OrderDetailDao.
JSR-330 'javax.inject.Inject' annotation found and supported for autowiring
Bean 'org.springframework.transaction.annotation.ProxyTransactionManagementConfiguration' of type [org.springframework.transaction.annotation.ProxyTransactionManagementConfiguration$$EnhancerBySpringCGLIB$$61b02a95] is not eligible for getting processed by all BeanPostProcessors (for example: not eligible for auto-proxying)
Building JPA container EntityManagerFactory for persistence unit 'default'
HHH000204: Processing PersistenceUnitInfo [
	name: default
	...]
HHH000412: Hibernate Core {5.0.12.Final}
HHH000206: hibernate.properties not found
HHH000021: Bytecode provider name : javassist
HCANN000001: Hibernate Commons Annotations {5.0.1.Final}
HHH000400: Using dialect: org.hibernate.dialect.MySQL5Dialect
Initialized JPA EntityManagerFactory for persistence unit 'default'
Looking for @ControllerAdvice: org.springframework.web.context.support.GenericWebApplicationContext@71984c3: startup date [Mon Dec 09 11:18:52 CST 2019]; root of context hierarchy
Mapped "{[/buyer/product/list],methods=[GET]}" onto public com.ming.sell.viewobject.ResultVO com.ming.sell.controller.BuyerProductController.list()
Mapped "{[/error]}" onto public org.springframework.http.ResponseEntity<java.util.Map<java.lang.String, java.lang.Object>> org.springframework.boot.autoconfigure.web.BasicErrorController.error(javax.servlet.http.HttpServletRequest)
Mapped "{[/error],produces=[text/html]}" onto public org.springframework.web.servlet.ModelAndView org.springframework.boot.autoconfigure.web.BasicErrorController.errorHtml(javax.servlet.http.HttpServletRequest,javax.servlet.http.HttpServletResponse)
Mapped URL path [/webjars/**] onto handler of type [class org.springframework.web.servlet.resource.ResourceHttpRequestHandler]
Mapped URL path [/**] onto handler of type [class org.springframework.web.servlet.resource.ResourceHttpRequestHandler]
Mapped URL path [/**/favicon.ico] onto handler of type [class org.springframework.web.servlet.resource.ResourceHttpRequestHandler]
SpringTemplateLoader for FreeMarker: using resource loader [org.springframework.web.context.support.GenericWebApplicationContext@71984c3: startup date [Mon Dec 09 11:18:52 CST 2019]; root of context hierarchy] and template loader path [classpath:/templates/]
ClassTemplateLoader for Spring macros added to FreeMarker configuration
Cannot find template location(s): [classpath:/templates/] (please add some templates, check your FreeMarker configuration, or set spring.freemarker.checkTemplateLocation=false)
Started OrderDetailDaoTest in 4.776 seconds (JVM running for 5.498)
HHH000397: Using ASTQueryTranslatorFactory
Closing org.springframework.web.context.support.GenericWebApplicationContext@71984c3: startup date [Mon Dec 09 11:18:52 CST 2019]; root of context hierarchy
Closing JPA EntityManagerFactory for persistence unit 'default'
